   Qt/MSBuild: 3.4.0.1
   Qt: 6.9.1
  moc manager.h
  book_manage_system.cpp
  main.cpp
  manager.cpp
D:\univercity\data_struct\book_manage\book_manage_system\main.cpp(1,1): warning C4828: 文件包含在偏移 0xb6 处开始的字符，该字符在当前源字符集中无效(代码页 65001)。
D:\univercity\data_struct\book_manage\book_manage_system\main.cpp(1,1): warning C4828: 文件包含在偏移 0xb7 处开始的字符，该字符在当前源字符集中无效(代码页 65001)。
D:\univercity\data_struct\book_manage\book_manage_system\main.cpp(1,1): warning C4828: 文件包含在偏移 0xb8 处开始的字符，该字符在当前源字符集中无效(代码页 65001)。
D:\univercity\data_struct\book_manage\book_manage_system\book_manage_system.h(1,1): warning C4828: 文件包含在偏移 0x1e6 处开始的字符，该字符在当前源字符集中无效(代码页 65001)。
  (编译源文件“book_manage_system.cpp”)
  
D:\univercity\data_struct\book_manage\book_manage_system\main.cpp(1,1): warning C4828: 文件包含在偏移 0xb9 处开始的字符，该字符在当前源字符集中无效(代码页 65001)。
D:\univercity\data_struct\book_manage\book_manage_system\book_manage_system.h(1,1): warning C4828: 文件包含在偏移 0x1e8 处开始的字符，该字符在当前源字符集中无效(代码页 65001)。
  (编译源文件“book_manage_system.cpp”)
  
D:\univercity\data_struct\book_manage\book_manage_system\main.cpp(1,1): warning C4828: 文件包含在偏移 0xba 处开始的字符，该字符在当前源字符集中无效(代码页 65001)。
D:\univercity\data_struct\book_manage\book_manage_system\book_manage_system.h(1,1): warning C4828: 文件包含在偏移 0x1e9 处开始的字符，该字符在当前源字符集中无效(代码页 65001)。
  (编译源文件“book_manage_system.cpp”)
  
D:\univercity\data_struct\book_manage\book_manage_system\main.cpp(1,1): warning C4828: 文件包含在偏移 0xbb 处开始的字符，该字符在当前源字符集中无效(代码页 65001)。
D:\univercity\data_struct\book_manage\book_manage_system\book_manage_system.h(1,1): warning C4828: 文件包含在偏移 0x1ed 处开始的字符，该字符在当前源字符集中无效(代码页 65001)。
  (编译源文件“book_manage_system.cpp”)
  
D:\univercity\data_struct\book_manage\book_manage_system\main.cpp(1,1): warning C4828: 文件包含在偏移 0xbf 处开始的字符，该字符在当前源字符集中无效(代码页 65001)。
D:\univercity\data_struct\book_manage\book_manage_system\book_manage_system.h(1,1): warning C4828: 文件包含在偏移 0x1ee 处开始的字符，该字符在当前源字符集中无效(代码页 65001)。
  (编译源文件“book_manage_system.cpp”)
  
D:\univercity\data_struct\book_manage\book_manage_system\main.cpp(1,1): warning C4828: 文件包含在偏移 0xc1 处开始的字符，该字符在当前源字符集中无效(代码页 65001)。
D:\univercity\data_struct\book_manage\book_manage_system\book_manage_system.h(1,1): warning C4828: 文件包含在偏移 0x1ef 处开始的字符，该字符在当前源字符集中无效(代码页 65001)。
  (编译源文件“book_manage_system.cpp”)
  
D:\univercity\data_struct\book_manage\book_manage_system\main.cpp(1,1): warning C4828: 文件包含在偏移 0x102 处开始的字符，该字符在当前源字符集中无效(代码页 65001)。
D:\univercity\data_struct\book_manage\book_manage_system\book_manage_system.h(1,1): warning C4828: 文件包含在偏移 0x1f2 处开始的字符，该字符在当前源字符集中无效(代码页 65001)。
  (编译源文件“book_manage_system.cpp”)
  
D:\univercity\data_struct\book_manage\book_manage_system\main.cpp(1,1): warning C4828: 文件包含在偏移 0x103 处开始的字符，该字符在当前源字符集中无效(代码页 65001)。
D:\univercity\data_struct\book_manage\book_manage_system\book_manage_system.h(1,1): warning C4828: 文件包含在偏移 0x1f3 处开始的字符，该字符在当前源字符集中无效(代码页 65001)。
  (编译源文件“book_manage_system.cpp”)
  
D:\univercity\data_struct\book_manage\book_manage_system\main.cpp(1,1): warning C4828: 文件包含在偏移 0x104 处开始的字符，该字符在当前源字符集中无效(代码页 65001)。
D:\univercity\data_struct\book_manage\book_manage_system\book_manage_system.h(1,1): warning C4828: 文件包含在偏移 0x1f4 处开始的字符，该字符在当前源字符集中无效(代码页 65001)。
  (编译源文件“book_manage_system.cpp”)
  
D:\univercity\data_struct\book_manage\book_manage_system\main.cpp(1,1): warning C4828: 文件包含在偏移 0x105 处开始的字符，该字符在当前源字符集中无效(代码页 65001)。
D:\univercity\data_struct\book_manage\book_manage_system\main.cpp(1,1): warning C4828: 文件包含在偏移 0x106 处开始的字符，该字符在当前源字符集中无效(代码页 65001)。
D:\univercity\data_struct\book_manage\book_manage_system\book_manage_system.h(1,1): warning C4828: 文件包含在偏移 0x1f6 处开始的字符，该字符在当前源字符集中无效(代码页 65001)。
  (编译源文件“book_manage_system.cpp”)
  
D:\univercity\data_struct\book_manage\book_manage_system\main.cpp(1,1): warning C4828: 文件包含在偏移 0x108 处开始的字符，该字符在当前源字符集中无效(代码页 65001)。
D:\univercity\data_struct\book_manage\book_manage_system\book_manage_system.h(1,1): warning C4828: 文件包含在偏移 0x1f7 处开始的字符，该字符在当前源字符集中无效(代码页 65001)。
  (编译源文件“book_manage_system.cpp”)
  
D:\univercity\data_struct\book_manage\book_manage_system\book_manage_system.h(1,1): warning C4828: 文件包含在偏移 0x1fc 处开始的字符，该字符在当前源字符集中无效(代码页 65001)。
  (编译源文件“book_manage_system.cpp”)
  
D:\univercity\data_struct\book_manage\book_manage_system\main.cpp(1,1): warning C4828: 文件包含在偏移 0x109 处开始的字符，该字符在当前源字符集中无效(代码页 65001)。
D:\univercity\data_struct\book_manage\book_manage_system\book_manage_system.h(1,1): warning C4828: 文件包含在偏移 0x1fd 处开始的字符，该字符在当前源字符集中无效(代码页 65001)。
  (编译源文件“book_manage_system.cpp”)
  
D:\univercity\data_struct\book_manage\book_manage_system\main.cpp(1,1): warning C4828: 文件包含在偏移 0x10c 处开始的字符，该字符在当前源字符集中无效(代码页 65001)。
D:\univercity\data_struct\book_manage\book_manage_system\book_manage_system.h(1,1): warning C4828: 文件包含在偏移 0x1fe 处开始的字符，该字符在当前源字符集中无效(代码页 65001)。
  (编译源文件“book_manage_system.cpp”)
  
D:\univercity\data_struct\book_manage\book_manage_system\main.cpp(1,1): warning C4828: 文件包含在偏移 0x10d 处开始的字符，该字符在当前源字符集中无效(代码页 65001)。
D:\univercity\data_struct\book_manage\book_manage_system\book_manage_system.h(1,1): warning C4828: 文件包含在偏移 0x200 处开始的字符，该字符在当前源字符集中无效(代码页 65001)。
  (编译源文件“book_manage_system.cpp”)
  
D:\univercity\data_struct\book_manage\book_manage_system\main.cpp(1,1): warning C4828: 文件包含在偏移 0x10e 处开始的字符，该字符在当前源字符集中无效(代码页 65001)。
D:\univercity\data_struct\book_manage\book_manage_system\book_manage_system.h(1,1): warning C4828: 文件包含在偏移 0x202 处开始的字符，该字符在当前源字符集中无效(代码页 65001)。
  (编译源文件“book_manage_system.cpp”)
  
D:\univercity\data_struct\book_manage\book_manage_system\main.cpp(1,1): warning C4828: 文件包含在偏移 0x10f 处开始的字符，该字符在当前源字符集中无效(代码页 65001)。
D:\univercity\data_struct\book_manage\book_manage_system\book_manage_system.h(1,1): warning C4828: 文件包含在偏移 0x203 处开始的字符，该字符在当前源字符集中无效(代码页 65001)。
  (编译源文件“book_manage_system.cpp”)
  
D:\univercity\data_struct\book_manage\book_manage_system\main.cpp(1,1): warning C4828: 文件包含在偏移 0x110 处开始的字符，该字符在当前源字符集中无效(代码页 65001)。
D:\univercity\data_struct\book_manage\book_manage_system\book_manage_system.h(1,1): warning C4828: 文件包含在偏移 0x207 处开始的字符，该字符在当前源字符集中无效(代码页 65001)。
  (编译源文件“book_manage_system.cpp”)
  
D:\univercity\data_struct\book_manage\book_manage_system\main.cpp(1,1): warning C4828: 文件包含在偏移 0x111 处开始的字符，该字符在当前源字符集中无效(代码页 65001)。
D:\univercity\data_struct\book_manage\book_manage_system\book_manage_system.h(1,1): warning C4828: 文件包含在偏移 0x20a 处开始的字符，该字符在当前源字符集中无效(代码页 65001)。
  (编译源文件“book_manage_system.cpp”)
  
D:\univercity\data_struct\book_manage\book_manage_system\main.cpp(1,1): warning C4828: 文件包含在偏移 0x114 处开始的字符，该字符在当前源字符集中无效(代码页 65001)。
D:\univercity\data_struct\book_manage\book_manage_system\book_manage_system.h(1,1): warning C4828: 文件包含在偏移 0x20b 处开始的字符，该字符在当前源字符集中无效(代码页 65001)。
  (编译源文件“book_manage_system.cpp”)
  
D:\univercity\data_struct\book_manage\book_manage_system\main.cpp(1,1): warning C4828: 文件包含在偏移 0x115 处开始的字符，该字符在当前源字符集中无效(代码页 65001)。
D:\univercity\data_struct\book_manage\book_manage_system\book_manage_system.h(1,1): warning C4828: 文件包含在偏移 0x20f 处开始的字符，该字符在当前源字符集中无效(代码页 65001)。
  (编译源文件“book_manage_system.cpp”)
  
D:\univercity\data_struct\book_manage\book_manage_system\main.cpp(1,1): warning C4828: 文件包含在偏移 0x116 处开始的字符，该字符在当前源字符集中无效(代码页 65001)。
D:\univercity\data_struct\book_manage\book_manage_system\book_manage_system.h(1,1): warning C4828: 文件包含在偏移 0x212 处开始的字符，该字符在当前源字符集中无效(代码页 65001)。
  (编译源文件“book_manage_system.cpp”)
  
D:\univercity\data_struct\book_manage\book_manage_system\main.cpp(1,1): warning C4828: 文件包含在偏移 0x117 处开始的字符，该字符在当前源字符集中无效(代码页 65001)。
D:\univercity\data_struct\book_manage\book_manage_system\book_manage_system.h(1,1): warning C4828: 文件包含在偏移 0x216 处开始的字符，该字符在当前源字符集中无效(代码页 65001)。
  (编译源文件“book_manage_system.cpp”)
  
D:\univercity\data_struct\book_manage\book_manage_system\main.cpp(1,1): warning C4828: 文件包含在偏移 0x118 处开始的字符，该字符在当前源字符集中无效(代码页 65001)。
D:\univercity\data_struct\book_manage\book_manage_system\book_manage_system.h(1,1): warning C4828: 文件包含在偏移 0x218 处开始的字符，该字符在当前源字符集中无效(代码页 65001)。
  (编译源文件“book_manage_system.cpp”)
  
D:\univercity\data_struct\book_manage\book_manage_system\book_manage_system.h(1,1): warning C4828: 文件包含在偏移 0x21c 处开始的字符，该字符在当前源字符集中无效(代码页 65001)。
  (编译源文件“book_manage_system.cpp”)
  
D:\univercity\data_struct\book_manage\book_manage_system\main.cpp(1,1): warning C4828: 文件包含在偏移 0x119 处开始的字符，该字符在当前源字符集中无效(代码页 65001)。
D:\univercity\data_struct\book_manage\book_manage_system\book_manage_system.h(1,1): warning C4828: 文件包含在偏移 0x21d 处开始的字符，该字符在当前源字符集中无效(代码页 65001)。
  (编译源文件“book_manage_system.cpp”)
  
D:\univercity\data_struct\book_manage\book_manage_system\main.cpp(1,1): warning C4828: 文件包含在偏移 0x11a 处开始的字符，该字符在当前源字符集中无效(代码页 65001)。
D:\univercity\data_struct\book_manage\book_manage_system\book_manage_system.h(1,1): warning C4828: 文件包含在偏移 0x221 处开始的字符，该字符在当前源字符集中无效(代码页 65001)。
  (编译源文件“book_manage_system.cpp”)
  
D:\univercity\data_struct\book_manage\book_manage_system\main.cpp(1,1): warning C4828: 文件包含在偏移 0x11d 处开始的字符，该字符在当前源字符集中无效(代码页 65001)。
D:\univercity\data_struct\book_manage\book_manage_system\main.cpp(1,1): warning C4828: 文件包含在偏移 0x150 处开始的字符，该字符在当前源字符集中无效(代码页 65001)。
D:\univercity\data_struct\book_manage\book_manage_system\book_manage_system.h(1,1): warning C4828: 文件包含在偏移 0x222 处开始的字符，该字符在当前源字符集中无效(代码页 65001)。
  (编译源文件“book_manage_system.cpp”)
  
D:\univercity\data_struct\book_manage\book_manage_system\main.cpp(1,1): warning C4828: 文件包含在偏移 0x151 处开始的字符，该字符在当前源字符集中无效(代码页 65001)。
D:\univercity\data_struct\book_manage\book_manage_system\book_manage_system.h(1,1): warning C4828: 文件包含在偏移 0x223 处开始的字符，该字符在当前源字符集中无效(代码页 65001)。
  (编译源文件“book_manage_system.cpp”)
  
D:\univercity\data_struct\book_manage\book_manage_system\main.cpp(1,1): warning C4828: 文件包含在偏移 0x152 处开始的字符，该字符在当前源字符集中无效(代码页 65001)。
D:\univercity\data_struct\book_manage\book_manage_system\book_manage_system.h(1,1): warning C4828: 文件包含在偏移 0x225 处开始的字符，该字符在当前源字符集中无效(代码页 65001)。
  (编译源文件“book_manage_system.cpp”)
  
D:\univercity\data_struct\book_manage\book_manage_system\main.cpp(1,1): warning C4828: 文件包含在偏移 0x153 处开始的字符，该字符在当前源字符集中无效(代码页 65001)。
D:\univercity\data_struct\book_manage\book_manage_system\book_manage_system.h(1,1): warning C4828: 文件包含在偏移 0x227 处开始的字符，该字符在当前源字符集中无效(代码页 65001)。
  (编译源文件“book_manage_system.cpp”)
  
D:\univercity\data_struct\book_manage\book_manage_system\main.cpp(1,1): warning C4828: 文件包含在偏移 0x156 处开始的字符，该字符在当前源字符集中无效(代码页 65001)。
D:\univercity\data_struct\book_manage\book_manage_system\book_manage_system.h(1,1): warning C4828: 文件包含在偏移 0x228 处开始的字符，该字符在当前源字符集中无效(代码页 65001)。
  (编译源文件“book_manage_system.cpp”)
  
D:\univercity\data_struct\book_manage\book_manage_system\main.cpp(1,1): warning C4828: 文件包含在偏移 0x159 处开始的字符，该字符在当前源字符集中无效(代码页 65001)。
D:\univercity\data_struct\book_manage\book_manage_system\book_manage_system.h(1,1): warning C4828: 文件包含在偏移 0x229 处开始的字符，该字符在当前源字符集中无效(代码页 65001)。
  (编译源文件“book_manage_system.cpp”)
  
D:\univercity\data_struct\book_manage\book_manage_system\main.cpp(1,1): warning C4828: 文件包含在偏移 0x15f 处开始的字符，该字符在当前源字符集中无效(代码页 65001)。
D:\univercity\data_struct\book_manage\book_manage_system\book_manage_system.h(1,1): warning C4828: 文件包含在偏移 0x22a 处开始的字符，该字符在当前源字符集中无效(代码页 65001)。
  (编译源文件“book_manage_system.cpp”)
  
D:\univercity\data_struct\book_manage\book_manage_system\main.cpp(1,1): warning C4828: 文件包含在偏移 0x160 处开始的字符，该字符在当前源字符集中无效(代码页 65001)。
D:\univercity\data_struct\book_manage\book_manage_system\main.cpp(1,1): warning C4828: 文件包含在偏移 0x161 处开始的字符，该字符在当前源字符集中无效(代码页 65001)。
D:\univercity\data_struct\book_manage\book_manage_system\book_manage_system.h(1,1): warning C4828: 文件包含在偏移 0x22b 处开始的字符，该字符在当前源字符集中无效(代码页 65001)。
  (编译源文件“book_manage_system.cpp”)
  
D:\univercity\data_struct\book_manage\book_manage_system\main.cpp(1,1): warning C4828: 文件包含在偏移 0x162 处开始的字符，该字符在当前源字符集中无效(代码页 65001)。
D:\univercity\data_struct\book_manage\book_manage_system\main.cpp(1,1): warning C4828: 文件包含在偏移 0x163 处开始的字符，该字符在当前源字符集中无效(代码页 65001)。
D:\univercity\data_struct\book_manage\book_manage_system\book_manage_system.h(1,1): warning C4828: 文件包含在偏移 0x22c 处开始的字符，该字符在当前源字符集中无效(代码页 65001)。
  (编译源文件“book_manage_system.cpp”)
  
D:\univercity\data_struct\book_manage\book_manage_system\main.cpp(1,1): warning C4828: 文件包含在偏移 0x167 处开始的字符，该字符在当前源字符集中无效(代码页 65001)。
D:\univercity\data_struct\book_manage\book_manage_system\main.cpp(1,1): warning C4828: 文件包含在偏移 0x16a 处开始的字符，该字符在当前源字符集中无效(代码页 65001)。
D:\univercity\data_struct\book_manage\book_manage_system\book_manage_system.h(1,1): warning C4828: 文件包含在偏移 0x22d 处开始的字符，该字符在当前源字符集中无效(代码页 65001)。
  (编译源文件“book_manage_system.cpp”)
  
D:\univercity\data_struct\book_manage\book_manage_system\main.cpp(1,1): warning C4828: 文件包含在偏移 0x16b 处开始的字符，该字符在当前源字符集中无效(代码页 65001)。
D:\univercity\data_struct\book_manage\book_manage_system\book_manage_system.h(1,1): warning C4828: 文件包含在偏移 0x22f 处开始的字符，该字符在当前源字符集中无效(代码页 65001)。
  (编译源文件“book_manage_system.cpp”)
  
D:\univercity\data_struct\book_manage\book_manage_system\book_manage_system.h(1,1): warning C4828: 文件包含在偏移 0x1e6 处开始的字符，该字符在当前源字符集中无效(代码页 65001)。
  (编译源文件“main.cpp”)
  
D:\univercity\data_struct\book_manage\book_manage_system\book_manage_system.h(1,1): warning C4828: 文件包含在偏移 0x233 处开始的字符，该字符在当前源字符集中无效(代码页 65001)。
  (编译源文件“book_manage_system.cpp”)
  
D:\univercity\data_struct\book_manage\book_manage_system\book_manage_system.h(1,1): warning C4828: 文件包含在偏移 0x234 处开始的字符，该字符在当前源字符集中无效(代码页 65001)。
  (编译源文件“book_manage_system.cpp”)
  
D:\univercity\data_struct\book_manage\book_manage_system\book_manage_system.h(1,1): warning C4828: 文件包含在偏移 0x1e8 处开始的字符，该字符在当前源字符集中无效(代码页 65001)。
  (编译源文件“main.cpp”)
  
D:\univercity\data_struct\book_manage\book_manage_system\book_manage_system.h(1,1): warning C4828: 文件包含在偏移 0x1e9 处开始的字符，该字符在当前源字符集中无效(代码页 65001)。
  (编译源文件“main.cpp”)
  
D:\univercity\data_struct\book_manage\book_manage_system\book_manage_system.h(1,1): warning C4828: 文件包含在偏移 0x236 处开始的字符，该字符在当前源字符集中无效(代码页 65001)。
  (编译源文件“book_manage_system.cpp”)
  
D:\univercity\data_struct\book_manage\book_manage_system\book_manage_system.h(1,1): warning C4828: 文件包含在偏移 0x1ed 处开始的字符，该字符在当前源字符集中无效(代码页 65001)。
  (编译源文件“main.cpp”)
  
D:\univercity\data_struct\book_manage\book_manage_system\book_manage_system.h(1,1): warning C4828: 文件包含在偏移 0x1ee 处开始的字符，该字符在当前源字符集中无效(代码页 65001)。
  (编译源文件“main.cpp”)
  
D:\univercity\data_struct\book_manage\book_manage_system\book_manage_system.h(1,1): warning C4828: 文件包含在偏移 0x237 处开始的字符，该字符在当前源字符集中无效(代码页 65001)。
  (编译源文件“book_manage_system.cpp”)
  
D:\univercity\data_struct\book_manage\book_manage_system\book_manage_system.h(1,1): warning C4828: 文件包含在偏移 0x1ef 处开始的字符，该字符在当前源字符集中无效(代码页 65001)。
  (编译源文件“main.cpp”)
  
D:\univercity\data_struct\book_manage\book_manage_system\book_manage_system.h(1,1): warning C4828: 文件包含在偏移 0x1f2 处开始的字符，该字符在当前源字符集中无效(代码页 65001)。
  (编译源文件“main.cpp”)
  
D:\univercity\data_struct\book_manage\book_manage_system\book_manage_system.h(1,1): warning C4828: 文件包含在偏移 0x238 处开始的字符，该字符在当前源字符集中无效(代码页 65001)。
  (编译源文件“book_manage_system.cpp”)
  
D:\univercity\data_struct\book_manage\book_manage_system\book_manage_system.h(1,1): warning C4828: 文件包含在偏移 0x1f3 处开始的字符，该字符在当前源字符集中无效(代码页 65001)。
  (编译源文件“main.cpp”)
  
D:\univercity\data_struct\book_manage\book_manage_system\book_manage_system.h(1,1): warning C4828: 文件包含在偏移 0x23a 处开始的字符，该字符在当前源字符集中无效(代码页 65001)。
  (编译源文件“book_manage_system.cpp”)
  
D:\univercity\data_struct\book_manage\book_manage_system\book_manage_system.h(1,1): warning C4828: 文件包含在偏移 0x1f4 处开始的字符，该字符在当前源字符集中无效(代码页 65001)。
  (编译源文件“main.cpp”)
  
D:\univercity\data_struct\book_manage\book_manage_system\book_manage_system.h(1,1): warning C4828: 文件包含在偏移 0x23c 处开始的字符，该字符在当前源字符集中无效(代码页 65001)。
  (编译源文件“book_manage_system.cpp”)
  
D:\univercity\data_struct\book_manage\book_manage_system\book_manage_system.h(1,1): warning C4828: 文件包含在偏移 0x1f6 处开始的字符，该字符在当前源字符集中无效(代码页 65001)。
  (编译源文件“main.cpp”)
  
D:\univercity\data_struct\book_manage\book_manage_system\book_manage_system.h(1,1): warning C4828: 文件包含在偏移 0x23d 处开始的字符，该字符在当前源字符集中无效(代码页 65001)。
  (编译源文件“book_manage_system.cpp”)
  
D:\univercity\data_struct\book_manage\book_manage_system\book_manage_system.h(1,1): warning C4828: 文件包含在偏移 0x1f7 处开始的字符，该字符在当前源字符集中无效(代码页 65001)。
  (编译源文件“main.cpp”)
  
D:\univercity\data_struct\book_manage\book_manage_system\book_manage_system.h(1,1): warning C4828: 文件包含在偏移 0x240 处开始的字符，该字符在当前源字符集中无效(代码页 65001)。
  (编译源文件“book_manage_system.cpp”)
  
D:\univercity\data_struct\book_manage\book_manage_system\book_manage_system.h(1,1): warning C4828: 文件包含在偏移 0x1fc 处开始的字符，该字符在当前源字符集中无效(代码页 65001)。
  (编译源文件“main.cpp”)
  
D:\univercity\data_struct\book_manage\book_manage_system\book_manage_system.h(1,1): warning C4828: 文件包含在偏移 0x241 处开始的字符，该字符在当前源字符集中无效(代码页 65001)。
  (编译源文件“book_manage_system.cpp”)
  
D:\univercity\data_struct\book_manage\book_manage_system\book_manage_system.h(1,1): warning C4828: 文件包含在偏移 0x1fd 处开始的字符，该字符在当前源字符集中无效(代码页 65001)。
  (编译源文件“main.cpp”)
  
D:\univercity\data_struct\book_manage\book_manage_system\book_manage_system.h(1,1): warning C4828: 文件包含在偏移 0x242 处开始的字符，该字符在当前源字符集中无效(代码页 65001)。
  (编译源文件“book_manage_system.cpp”)
  
D:\univercity\data_struct\book_manage\book_manage_system\book_manage_system.h(1,1): warning C4828: 文件包含在偏移 0x1fe 处开始的字符，该字符在当前源字符集中无效(代码页 65001)。
  (编译源文件“main.cpp”)
  
D:\univercity\data_struct\book_manage\book_manage_system\book_manage_system.h(1,1): warning C4828: 文件包含在偏移 0x245 处开始的字符，该字符在当前源字符集中无效(代码页 65001)。
  (编译源文件“book_manage_system.cpp”)
  
D:\univercity\data_struct\book_manage\book_manage_system\book_manage_system.h(1,1): warning C4828: 文件包含在偏移 0x200 处开始的字符，该字符在当前源字符集中无效(代码页 65001)。
  (编译源文件“main.cpp”)
  
D:\univercity\data_struct\book_manage\book_manage_system\book_manage_system.h(1,1): warning C4828: 文件包含在偏移 0x247 处开始的字符，该字符在当前源字符集中无效(代码页 65001)。
  (编译源文件“book_manage_system.cpp”)
  
D:\univercity\data_struct\book_manage\book_manage_system\book_manage_system.h(1,1): warning C4828: 文件包含在偏移 0x202 处开始的字符，该字符在当前源字符集中无效(代码页 65001)。
  (编译源文件“main.cpp”)
  
D:\univercity\data_struct\book_manage\book_manage_system\book_manage_system.h(1,1): warning C4828: 文件包含在偏移 0x248 处开始的字符，该字符在当前源字符集中无效(代码页 65001)。
  (编译源文件“book_manage_system.cpp”)
  
D:\univercity\data_struct\book_manage\book_manage_system\book_manage_system.h(1,1): warning C4828: 文件包含在偏移 0x203 处开始的字符，该字符在当前源字符集中无效(代码页 65001)。
  (编译源文件“main.cpp”)
  
D:\univercity\data_struct\book_manage\book_manage_system\book_manage_system.h(1,1): warning C4828: 文件包含在偏移 0x249 处开始的字符，该字符在当前源字符集中无效(代码页 65001)。
  (编译源文件“book_manage_system.cpp”)
  
D:\univercity\data_struct\book_manage\book_manage_system\book_manage_system.h(1,1): warning C4828: 文件包含在偏移 0x207 处开始的字符，该字符在当前源字符集中无效(代码页 65001)。
  (编译源文件“main.cpp”)
  
D:\univercity\data_struct\book_manage\book_manage_system\book_manage_system.h(1,1): warning C4828: 文件包含在偏移 0x24a 处开始的字符，该字符在当前源字符集中无效(代码页 65001)。
  (编译源文件“book_manage_system.cpp”)
  
D:\univercity\data_struct\book_manage\book_manage_system\book_manage_system.h(1,1): warning C4828: 文件包含在偏移 0x24c 处开始的字符，该字符在当前源字符集中无效(代码页 65001)。
  (编译源文件“book_manage_system.cpp”)
  
D:\univercity\data_struct\book_manage\book_manage_system\book_manage_system.h(1,1): warning C4828: 文件包含在偏移 0x20a 处开始的字符，该字符在当前源字符集中无效(代码页 65001)。
  (编译源文件“main.cpp”)
  
D:\univercity\data_struct\book_manage\book_manage_system\book_manage_system.h(1,1): warning C4828: 文件包含在偏移 0x24f 处开始的字符，该字符在当前源字符集中无效(代码页 65001)。
  (编译源文件“book_manage_system.cpp”)
  
D:\univercity\data_struct\book_manage\book_manage_system\book_manage_system.h(1,1): warning C4828: 文件包含在偏移 0x20b 处开始的字符，该字符在当前源字符集中无效(代码页 65001)。
  (编译源文件“main.cpp”)
  
D:\univercity\data_struct\book_manage\book_manage_system\book_manage_system.h(1,1): warning C4828: 文件包含在偏移 0x20f 处开始的字符，该字符在当前源字符集中无效(代码页 65001)。
  (编译源文件“main.cpp”)
  
D:\univercity\data_struct\book_manage\book_manage_system\book_manage_system.h(1,1): warning C4828: 文件包含在偏移 0x212 处开始的字符，该字符在当前源字符集中无效(代码页 65001)。
  (编译源文件“main.cpp”)
  
D:\univercity\data_struct\book_manage\book_manage_system\book_manage_system.h(1,1): warning C4828: 文件包含在偏移 0x216 处开始的字符，该字符在当前源字符集中无效(代码页 65001)。
  (编译源文件“main.cpp”)
  
D:\univercity\data_struct\book_manage\book_manage_system\book_manage_system.h(1,1): warning C4828: 文件包含在偏移 0x218 处开始的字符，该字符在当前源字符集中无效(代码页 65001)。
  (编译源文件“main.cpp”)
  
D:\univercity\data_struct\book_manage\book_manage_system\book_manage_system.h(1,1): warning C4828: 文件包含在偏移 0x21c 处开始的字符，该字符在当前源字符集中无效(代码页 65001)。
  (编译源文件“main.cpp”)
  
D:\univercity\data_struct\book_manage\book_manage_system\book_manage_system.h(1,1): warning C4828: 文件包含在偏移 0x21d 处开始的字符，该字符在当前源字符集中无效(代码页 65001)。
  (编译源文件“main.cpp”)
  
D:\univercity\data_struct\book_manage\book_manage_system\book_manage_system.h(1,1): warning C4828: 文件包含在偏移 0x221 处开始的字符，该字符在当前源字符集中无效(代码页 65001)。
  (编译源文件“main.cpp”)
  
D:\univercity\data_struct\book_manage\book_manage_system\book_manage_system.h(1,1): warning C4828: 文件包含在偏移 0x222 处开始的字符，该字符在当前源字符集中无效(代码页 65001)。
  (编译源文件“main.cpp”)
  
D:\univercity\data_struct\book_manage\book_manage_system\book_manage_system.h(1,1): warning C4828: 文件包含在偏移 0x223 处开始的字符，该字符在当前源字符集中无效(代码页 65001)。
  (编译源文件“main.cpp”)
  
D:\univercity\data_struct\book_manage\book_manage_system\book_manage_system.h(1,1): warning C4828: 文件包含在偏移 0x225 处开始的字符，该字符在当前源字符集中无效(代码页 65001)。
  (编译源文件“main.cpp”)
  
D:\univercity\data_struct\book_manage\book_manage_system\book_manage_system.h(1,1): warning C4828: 文件包含在偏移 0x227 处开始的字符，该字符在当前源字符集中无效(代码页 65001)。
  (编译源文件“main.cpp”)
  
D:\univercity\data_struct\book_manage\book_manage_system\book_manage_system.h(1,1): warning C4828: 文件包含在偏移 0x228 处开始的字符，该字符在当前源字符集中无效(代码页 65001)。
  (编译源文件“main.cpp”)
  
D:\univercity\data_struct\book_manage\book_manage_system\book_manage_system.h(1,1): warning C4828: 文件包含在偏移 0x229 处开始的字符，该字符在当前源字符集中无效(代码页 65001)。
  (编译源文件“main.cpp”)
  
D:\univercity\data_struct\book_manage\book_manage_system\book_manage_system.h(1,1): warning C4828: 文件包含在偏移 0x22a 处开始的字符，该字符在当前源字符集中无效(代码页 65001)。
  (编译源文件“main.cpp”)
  
D:\univercity\data_struct\book_manage\book_manage_system\book_manage_system.h(1,1): warning C4828: 文件包含在偏移 0x22b 处开始的字符，该字符在当前源字符集中无效(代码页 65001)。
  (编译源文件“main.cpp”)
  
D:\univercity\data_struct\book_manage\book_manage_system\book_manage_system.h(1,1): warning C4828: 文件包含在偏移 0x22c 处开始的字符，该字符在当前源字符集中无效(代码页 65001)。
  (编译源文件“main.cpp”)
  
D:\univercity\data_struct\book_manage\book_manage_system\book_manage_system.h(1,1): warning C4828: 文件包含在偏移 0x22d 处开始的字符，该字符在当前源字符集中无效(代码页 65001)。
  (编译源文件“main.cpp”)
  
D:\univercity\data_struct\book_manage\book_manage_system\book_manage_system.h(1,1): warning C4828: 文件包含在偏移 0x22f 处开始的字符，该字符在当前源字符集中无效(代码页 65001)。
  (编译源文件“main.cpp”)
  
D:\univercity\data_struct\book_manage\book_manage_system\book_manage_system.h(1,1): warning C4828: 文件包含在偏移 0x233 处开始的字符，该字符在当前源字符集中无效(代码页 65001)。
  (编译源文件“main.cpp”)
  
D:\univercity\data_struct\book_manage\book_manage_system\book_manage_system.h(1,1): warning C4828: 文件包含在偏移 0x234 处开始的字符，该字符在当前源字符集中无效(代码页 65001)。
  (编译源文件“main.cpp”)
  
D:\univercity\data_struct\book_manage\book_manage_system\book_manage_system.h(1,1): warning C4828: 文件包含在偏移 0x236 处开始的字符，该字符在当前源字符集中无效(代码页 65001)。
  (编译源文件“main.cpp”)
  
D:\univercity\data_struct\book_manage\book_manage_system\book_manage_system.h(1,1): warning C4828: 文件包含在偏移 0x237 处开始的字符，该字符在当前源字符集中无效(代码页 65001)。
  (编译源文件“main.cpp”)
  
D:\univercity\data_struct\book_manage\book_manage_system\book_manage_system.h(1,1): warning C4828: 文件包含在偏移 0x238 处开始的字符，该字符在当前源字符集中无效(代码页 65001)。
  (编译源文件“main.cpp”)
  
D:\univercity\data_struct\book_manage\book_manage_system\book_manage_system.h(1,1): warning C4828: 文件包含在偏移 0x23a 处开始的字符，该字符在当前源字符集中无效(代码页 65001)。
  (编译源文件“main.cpp”)
  
D:\univercity\data_struct\book_manage\book_manage_system\book_manage_system.h(1,1): warning C4828: 文件包含在偏移 0x23c 处开始的字符，该字符在当前源字符集中无效(代码页 65001)。
  (编译源文件“main.cpp”)
  
D:\univercity\data_struct\book_manage\book_manage_system\book_manage_system.h(1,1): warning C4828: 文件包含在偏移 0x23d 处开始的字符，该字符在当前源字符集中无效(代码页 65001)。
  (编译源文件“main.cpp”)
  
D:\univercity\data_struct\book_manage\book_manage_system\book_manage_system.h(1,1): warning C4828: 文件包含在偏移 0x240 处开始的字符，该字符在当前源字符集中无效(代码页 65001)。
  (编译源文件“main.cpp”)
  
D:\univercity\data_struct\book_manage\book_manage_system\book_manage_system.h(1,1): warning C4828: 文件包含在偏移 0x241 处开始的字符，该字符在当前源字符集中无效(代码页 65001)。
  (编译源文件“main.cpp”)
  
D:\univercity\data_struct\book_manage\book_manage_system\book_manage_system.h(1,1): warning C4828: 文件包含在偏移 0x242 处开始的字符，该字符在当前源字符集中无效(代码页 65001)。
  (编译源文件“main.cpp”)
  
D:\univercity\data_struct\book_manage\book_manage_system\book_manage_system.h(1,1): warning C4828: 文件包含在偏移 0x245 处开始的字符，该字符在当前源字符集中无效(代码页 65001)。
  (编译源文件“main.cpp”)
  
D:\univercity\data_struct\book_manage\book_manage_system\book_manage_system.h(1,1): warning C4828: 文件包含在偏移 0x247 处开始的字符，该字符在当前源字符集中无效(代码页 65001)。
  (编译源文件“main.cpp”)
  
D:\univercity\data_struct\book_manage\book_manage_system\book_manage_system.h(1,1): warning C4828: 文件包含在偏移 0x248 处开始的字符，该字符在当前源字符集中无效(代码页 65001)。
  (编译源文件“main.cpp”)
  
D:\univercity\data_struct\book_manage\book_manage_system\book_manage_system.h(1,1): warning C4828: 文件包含在偏移 0x249 处开始的字符，该字符在当前源字符集中无效(代码页 65001)。
  (编译源文件“main.cpp”)
  
D:\univercity\data_struct\book_manage\book_manage_system\book_manage_system.h(1,1): warning C4828: 文件包含在偏移 0x24a 处开始的字符，该字符在当前源字符集中无效(代码页 65001)。
  (编译源文件“main.cpp”)
  
D:\univercity\data_struct\book_manage\book_manage_system\book_manage_system.h(1,1): warning C4828: 文件包含在偏移 0x24c 处开始的字符，该字符在当前源字符集中无效(代码页 65001)。
  (编译源文件“main.cpp”)
  
D:\univercity\data_struct\book_manage\book_manage_system\book_manage_system.h(1,1): warning C4828: 文件包含在偏移 0x24f 处开始的字符，该字符在当前源字符集中无效(代码页 65001)。
  (编译源文件“main.cpp”)
  
  moc_book_manage_system.cpp
  moc_manager.cpp
D:\univercity\data_struct\book_manage\book_manage_system\book_manage_system.h(1,1): warning C4828: 文件包含在偏移 0x1e6 处开始的字符，该字符在当前源字符集中无效(代码页 65001)。
  (编译源文件“book_man.F74A86EC/x64/Debug/qt/moc/moc_book_manage_system.cpp”)
  
D:\univercity\data_struct\book_manage\book_manage_system\book_manage_system.h(1,1): warning C4828: 文件包含在偏移 0x1e8 处开始的字符，该字符在当前源字符集中无效(代码页 65001)。
  (编译源文件“book_man.F74A86EC/x64/Debug/qt/moc/moc_book_manage_system.cpp”)
  
D:\univercity\data_struct\book_manage\book_manage_system\book_manage_system.h(1,1): warning C4828: 文件包含在偏移 0x1e9 处开始的字符，该字符在当前源字符集中无效(代码页 65001)。
  (编译源文件“book_man.F74A86EC/x64/Debug/qt/moc/moc_book_manage_system.cpp”)
  
D:\univercity\data_struct\book_manage\book_manage_system\book_manage_system.h(1,1): warning C4828: 文件包含在偏移 0x1ed 处开始的字符，该字符在当前源字符集中无效(代码页 65001)。
  (编译源文件“book_man.F74A86EC/x64/Debug/qt/moc/moc_book_manage_system.cpp”)
  
D:\univercity\data_struct\book_manage\book_manage_system\book_manage_system.h(1,1): warning C4828: 文件包含在偏移 0x1ee 处开始的字符，该字符在当前源字符集中无效(代码页 65001)。
  (编译源文件“book_man.F74A86EC/x64/Debug/qt/moc/moc_book_manage_system.cpp”)
  
D:\univercity\data_struct\book_manage\book_manage_system\book_manage_system.h(1,1): warning C4828: 文件包含在偏移 0x1ef 处开始的字符，该字符在当前源字符集中无效(代码页 65001)。
  (编译源文件“book_man.F74A86EC/x64/Debug/qt/moc/moc_book_manage_system.cpp”)
  
D:\univercity\data_struct\book_manage\book_manage_system\book_manage_system.h(1,1): warning C4828: 文件包含在偏移 0x1f2 处开始的字符，该字符在当前源字符集中无效(代码页 65001)。
  (编译源文件“book_man.F74A86EC/x64/Debug/qt/moc/moc_book_manage_system.cpp”)
  
D:\univercity\data_struct\book_manage\book_manage_system\book_manage_system.h(1,1): warning C4828: 文件包含在偏移 0x1f3 处开始的字符，该字符在当前源字符集中无效(代码页 65001)。
  (编译源文件“book_man.F74A86EC/x64/Debug/qt/moc/moc_book_manage_system.cpp”)
  
D:\univercity\data_struct\book_manage\book_manage_system\book_manage_system.h(1,1): warning C4828: 文件包含在偏移 0x1f4 处开始的字符，该字符在当前源字符集中无效(代码页 65001)。
  (编译源文件“book_man.F74A86EC/x64/Debug/qt/moc/moc_book_manage_system.cpp”)
  
D:\univercity\data_struct\book_manage\book_manage_system\book_manage_system.h(1,1): warning C4828: 文件包含在偏移 0x1f6 处开始的字符，该字符在当前源字符集中无效(代码页 65001)。
  (编译源文件“book_man.F74A86EC/x64/Debug/qt/moc/moc_book_manage_system.cpp”)
  
D:\univercity\data_struct\book_manage\book_manage_system\book_manage_system.h(1,1): warning C4828: 文件包含在偏移 0x1f7 处开始的字符，该字符在当前源字符集中无效(代码页 65001)。
  (编译源文件“book_man.F74A86EC/x64/Debug/qt/moc/moc_book_manage_system.cpp”)
  
D:\univercity\data_struct\book_manage\book_manage_system\book_manage_system.h(1,1): warning C4828: 文件包含在偏移 0x1fc 处开始的字符，该字符在当前源字符集中无效(代码页 65001)。
  (编译源文件“book_man.F74A86EC/x64/Debug/qt/moc/moc_book_manage_system.cpp”)
  
D:\univercity\data_struct\book_manage\book_manage_system\book_manage_system.h(1,1): warning C4828: 文件包含在偏移 0x1fd 处开始的字符，该字符在当前源字符集中无效(代码页 65001)。
  (编译源文件“book_man.F74A86EC/x64/Debug/qt/moc/moc_book_manage_system.cpp”)
  
D:\univercity\data_struct\book_manage\book_manage_system\book_manage_system.h(1,1): warning C4828: 文件包含在偏移 0x1fe 处开始的字符，该字符在当前源字符集中无效(代码页 65001)。
  (编译源文件“book_man.F74A86EC/x64/Debug/qt/moc/moc_book_manage_system.cpp”)
  
D:\univercity\data_struct\book_manage\book_manage_system\book_manage_system.h(1,1): warning C4828: 文件包含在偏移 0x200 处开始的字符，该字符在当前源字符集中无效(代码页 65001)。
  (编译源文件“book_man.F74A86EC/x64/Debug/qt/moc/moc_book_manage_system.cpp”)
  
D:\univercity\data_struct\book_manage\book_manage_system\book_manage_system.h(1,1): warning C4828: 文件包含在偏移 0x202 处开始的字符，该字符在当前源字符集中无效(代码页 65001)。
  (编译源文件“book_man.F74A86EC/x64/Debug/qt/moc/moc_book_manage_system.cpp”)
  
D:\univercity\data_struct\book_manage\book_manage_system\book_manage_system.h(1,1): warning C4828: 文件包含在偏移 0x203 处开始的字符，该字符在当前源字符集中无效(代码页 65001)。
  (编译源文件“book_man.F74A86EC/x64/Debug/qt/moc/moc_book_manage_system.cpp”)
  
D:\univercity\data_struct\book_manage\book_manage_system\book_manage_system.h(1,1): warning C4828: 文件包含在偏移 0x207 处开始的字符，该字符在当前源字符集中无效(代码页 65001)。
  (编译源文件“book_man.F74A86EC/x64/Debug/qt/moc/moc_book_manage_system.cpp”)
  
D:\univercity\data_struct\book_manage\book_manage_system\book_manage_system.h(1,1): warning C4828: 文件包含在偏移 0x20a 处开始的字符，该字符在当前源字符集中无效(代码页 65001)。
  (编译源文件“book_man.F74A86EC/x64/Debug/qt/moc/moc_book_manage_system.cpp”)
  
D:\univercity\data_struct\book_manage\book_manage_system\book_manage_system.h(1,1): warning C4828: 文件包含在偏移 0x20b 处开始的字符，该字符在当前源字符集中无效(代码页 65001)。
  (编译源文件“book_man.F74A86EC/x64/Debug/qt/moc/moc_book_manage_system.cpp”)
  
D:\univercity\data_struct\book_manage\book_manage_system\book_manage_system.h(1,1): warning C4828: 文件包含在偏移 0x20f 处开始的字符，该字符在当前源字符集中无效(代码页 65001)。
  (编译源文件“book_man.F74A86EC/x64/Debug/qt/moc/moc_book_manage_system.cpp”)
  
D:\univercity\data_struct\book_manage\book_manage_system\book_manage_system.h(1,1): warning C4828: 文件包含在偏移 0x212 处开始的字符，该字符在当前源字符集中无效(代码页 65001)。
  (编译源文件“book_man.F74A86EC/x64/Debug/qt/moc/moc_book_manage_system.cpp”)
  
D:\univercity\data_struct\book_manage\book_manage_system\book_manage_system.h(1,1): warning C4828: 文件包含在偏移 0x216 处开始的字符，该字符在当前源字符集中无效(代码页 65001)。
  (编译源文件“book_man.F74A86EC/x64/Debug/qt/moc/moc_book_manage_system.cpp”)
  
D:\univercity\data_struct\book_manage\book_manage_system\book_manage_system.h(1,1): warning C4828: 文件包含在偏移 0x218 处开始的字符，该字符在当前源字符集中无效(代码页 65001)。
  (编译源文件“book_man.F74A86EC/x64/Debug/qt/moc/moc_book_manage_system.cpp”)
  
D:\univercity\data_struct\book_manage\book_manage_system\book_manage_system.h(1,1): warning C4828: 文件包含在偏移 0x21c 处开始的字符，该字符在当前源字符集中无效(代码页 65001)。
  (编译源文件“book_man.F74A86EC/x64/Debug/qt/moc/moc_book_manage_system.cpp”)
  
D:\univercity\data_struct\book_manage\book_manage_system\book_manage_system.h(1,1): warning C4828: 文件包含在偏移 0x21d 处开始的字符，该字符在当前源字符集中无效(代码页 65001)。
  (编译源文件“book_man.F74A86EC/x64/Debug/qt/moc/moc_book_manage_system.cpp”)
  
D:\univercity\data_struct\book_manage\book_manage_system\book_manage_system.h(1,1): warning C4828: 文件包含在偏移 0x221 处开始的字符，该字符在当前源字符集中无效(代码页 65001)。
  (编译源文件“book_man.F74A86EC/x64/Debug/qt/moc/moc_book_manage_system.cpp”)
  
D:\univercity\data_struct\book_manage\book_manage_system\book_manage_system.h(1,1): warning C4828: 文件包含在偏移 0x222 处开始的字符，该字符在当前源字符集中无效(代码页 65001)。
  (编译源文件“book_man.F74A86EC/x64/Debug/qt/moc/moc_book_manage_system.cpp”)
  
D:\univercity\data_struct\book_manage\book_manage_system\book_manage_system.h(1,1): warning C4828: 文件包含在偏移 0x223 处开始的字符，该字符在当前源字符集中无效(代码页 65001)。
  (编译源文件“book_man.F74A86EC/x64/Debug/qt/moc/moc_book_manage_system.cpp”)
  
D:\univercity\data_struct\book_manage\book_manage_system\book_manage_system.h(1,1): warning C4828: 文件包含在偏移 0x225 处开始的字符，该字符在当前源字符集中无效(代码页 65001)。
  (编译源文件“book_man.F74A86EC/x64/Debug/qt/moc/moc_book_manage_system.cpp”)
  
D:\univercity\data_struct\book_manage\book_manage_system\book_manage_system.h(1,1): warning C4828: 文件包含在偏移 0x227 处开始的字符，该字符在当前源字符集中无效(代码页 65001)。
  (编译源文件“book_man.F74A86EC/x64/Debug/qt/moc/moc_book_manage_system.cpp”)
  
D:\univercity\data_struct\book_manage\book_manage_system\book_manage_system.h(1,1): warning C4828: 文件包含在偏移 0x228 处开始的字符，该字符在当前源字符集中无效(代码页 65001)。
  (编译源文件“book_man.F74A86EC/x64/Debug/qt/moc/moc_book_manage_system.cpp”)
  
D:\univercity\data_struct\book_manage\book_manage_system\book_manage_system.h(1,1): warning C4828: 文件包含在偏移 0x229 处开始的字符，该字符在当前源字符集中无效(代码页 65001)。
  (编译源文件“book_man.F74A86EC/x64/Debug/qt/moc/moc_book_manage_system.cpp”)
  
D:\univercity\data_struct\book_manage\book_manage_system\book_manage_system.h(1,1): warning C4828: 文件包含在偏移 0x22a 处开始的字符，该字符在当前源字符集中无效(代码页 65001)。
  (编译源文件“book_man.F74A86EC/x64/Debug/qt/moc/moc_book_manage_system.cpp”)
  
D:\univercity\data_struct\book_manage\book_manage_system\book_manage_system.h(1,1): warning C4828: 文件包含在偏移 0x22b 处开始的字符，该字符在当前源字符集中无效(代码页 65001)。
  (编译源文件“book_man.F74A86EC/x64/Debug/qt/moc/moc_book_manage_system.cpp”)
  
D:\univercity\data_struct\book_manage\book_manage_system\book_manage_system.h(1,1): warning C4828: 文件包含在偏移 0x22c 处开始的字符，该字符在当前源字符集中无效(代码页 65001)。
  (编译源文件“book_man.F74A86EC/x64/Debug/qt/moc/moc_book_manage_system.cpp”)
  
D:\univercity\data_struct\book_manage\book_manage_system\book_manage_system.h(1,1): warning C4828: 文件包含在偏移 0x22d 处开始的字符，该字符在当前源字符集中无效(代码页 65001)。
  (编译源文件“book_man.F74A86EC/x64/Debug/qt/moc/moc_book_manage_system.cpp”)
  
D:\univercity\data_struct\book_manage\book_manage_system\book_manage_system.h(1,1): warning C4828: 文件包含在偏移 0x22f 处开始的字符，该字符在当前源字符集中无效(代码页 65001)。
  (编译源文件“book_man.F74A86EC/x64/Debug/qt/moc/moc_book_manage_system.cpp”)
  
D:\univercity\data_struct\book_manage\book_manage_system\book_manage_system.h(1,1): warning C4828: 文件包含在偏移 0x233 处开始的字符，该字符在当前源字符集中无效(代码页 65001)。
  (编译源文件“book_man.F74A86EC/x64/Debug/qt/moc/moc_book_manage_system.cpp”)
  
D:\univercity\data_struct\book_manage\book_manage_system\book_manage_system.h(1,1): warning C4828: 文件包含在偏移 0x234 处开始的字符，该字符在当前源字符集中无效(代码页 65001)。
  (编译源文件“book_man.F74A86EC/x64/Debug/qt/moc/moc_book_manage_system.cpp”)
  
D:\univercity\data_struct\book_manage\book_manage_system\book_manage_system.h(1,1): warning C4828: 文件包含在偏移 0x236 处开始的字符，该字符在当前源字符集中无效(代码页 65001)。
  (编译源文件“book_man.F74A86EC/x64/Debug/qt/moc/moc_book_manage_system.cpp”)
  
D:\univercity\data_struct\book_manage\book_manage_system\book_manage_system.h(1,1): warning C4828: 文件包含在偏移 0x237 处开始的字符，该字符在当前源字符集中无效(代码页 65001)。
  (编译源文件“book_man.F74A86EC/x64/Debug/qt/moc/moc_book_manage_system.cpp”)
  
D:\univercity\data_struct\book_manage\book_manage_system\book_manage_system.h(1,1): warning C4828: 文件包含在偏移 0x238 处开始的字符，该字符在当前源字符集中无效(代码页 65001)。
  (编译源文件“book_man.F74A86EC/x64/Debug/qt/moc/moc_book_manage_system.cpp”)
  
D:\univercity\data_struct\book_manage\book_manage_system\book_manage_system.h(1,1): warning C4828: 文件包含在偏移 0x23a 处开始的字符，该字符在当前源字符集中无效(代码页 65001)。
  (编译源文件“book_man.F74A86EC/x64/Debug/qt/moc/moc_book_manage_system.cpp”)
  
D:\univercity\data_struct\book_manage\book_manage_system\book_manage_system.h(1,1): warning C4828: 文件包含在偏移 0x23c 处开始的字符，该字符在当前源字符集中无效(代码页 65001)。
  (编译源文件“book_man.F74A86EC/x64/Debug/qt/moc/moc_book_manage_system.cpp”)
  
D:\univercity\data_struct\book_manage\book_manage_system\book_manage_system.h(1,1): warning C4828: 文件包含在偏移 0x23d 处开始的字符，该字符在当前源字符集中无效(代码页 65001)。
  (编译源文件“book_man.F74A86EC/x64/Debug/qt/moc/moc_book_manage_system.cpp”)
  
D:\univercity\data_struct\book_manage\book_manage_system\book_manage_system.h(1,1): warning C4828: 文件包含在偏移 0x240 处开始的字符，该字符在当前源字符集中无效(代码页 65001)。
  (编译源文件“book_man.F74A86EC/x64/Debug/qt/moc/moc_book_manage_system.cpp”)
  
D:\univercity\data_struct\book_manage\book_manage_system\book_manage_system.h(1,1): warning C4828: 文件包含在偏移 0x241 处开始的字符，该字符在当前源字符集中无效(代码页 65001)。
  (编译源文件“book_man.F74A86EC/x64/Debug/qt/moc/moc_book_manage_system.cpp”)
  
D:\univercity\data_struct\book_manage\book_manage_system\book_manage_system.h(1,1): warning C4828: 文件包含在偏移 0x242 处开始的字符，该字符在当前源字符集中无效(代码页 65001)。
  (编译源文件“book_man.F74A86EC/x64/Debug/qt/moc/moc_book_manage_system.cpp”)
  
D:\univercity\data_struct\book_manage\book_manage_system\book_manage_system.h(1,1): warning C4828: 文件包含在偏移 0x245 处开始的字符，该字符在当前源字符集中无效(代码页 65001)。
  (编译源文件“book_man.F74A86EC/x64/Debug/qt/moc/moc_book_manage_system.cpp”)
  
D:\univercity\data_struct\book_manage\book_manage_system\book_manage_system.h(1,1): warning C4828: 文件包含在偏移 0x247 处开始的字符，该字符在当前源字符集中无效(代码页 65001)。
  (编译源文件“book_man.F74A86EC/x64/Debug/qt/moc/moc_book_manage_system.cpp”)
  
D:\univercity\data_struct\book_manage\book_manage_system\book_manage_system.h(1,1): warning C4828: 文件包含在偏移 0x248 处开始的字符，该字符在当前源字符集中无效(代码页 65001)。
  (编译源文件“book_man.F74A86EC/x64/Debug/qt/moc/moc_book_manage_system.cpp”)
  
D:\univercity\data_struct\book_manage\book_manage_system\book_manage_system.h(1,1): warning C4828: 文件包含在偏移 0x249 处开始的字符，该字符在当前源字符集中无效(代码页 65001)。
  (编译源文件“book_man.F74A86EC/x64/Debug/qt/moc/moc_book_manage_system.cpp”)
  
D:\univercity\data_struct\book_manage\book_manage_system\book_manage_system.h(1,1): warning C4828: 文件包含在偏移 0x24a 处开始的字符，该字符在当前源字符集中无效(代码页 65001)。
  (编译源文件“book_man.F74A86EC/x64/Debug/qt/moc/moc_book_manage_system.cpp”)
  
D:\univercity\data_struct\book_manage\book_manage_system\book_manage_system.h(1,1): warning C4828: 文件包含在偏移 0x24c 处开始的字符，该字符在当前源字符集中无效(代码页 65001)。
  (编译源文件“book_man.F74A86EC/x64/Debug/qt/moc/moc_book_manage_system.cpp”)
  
D:\univercity\data_struct\book_manage\book_manage_system\book_manage_system.h(1,1): warning C4828: 文件包含在偏移 0x24f 处开始的字符，该字符在当前源字符集中无效(代码页 65001)。
  (编译源文件“book_man.F74A86EC/x64/Debug/qt/moc/moc_book_manage_system.cpp”)
  
  book_manage_system.vcxproj -> D:\univercity\data_struct\book_manage\book_manage_system\x64\Debug\book_manage_system.exe
